VirtualBox XPCOM Server 5.2.10_Ubuntu r121806 linux.amd64 (Jun 15 2018 16:14:07) release log
00:00:00.001997 main     Log opened 2018-08-08T16:11:14.659206000Z
00:00:00.001999 main     Build Type: release
00:00:00.002002 main     OS Product: Linux
00:00:00.002003 main     OS Release: 4.15.0-20-generic
00:00:00.002004 main     OS Version: #21-Ubuntu SMP Tue Apr 24 06:16:15 UTC 2018
00:00:00.002027 main     DMI Product Name: AX370-Gaming K5
00:00:00.002033 main     DMI Product Version: Default string
00:00:00.002079 main     Host RAM: 16051MB (15.6GB) total, 15687MB (15.3GB) available
00:00:00.002082 main     Executable: /usr/lib/virtualbox/VBoxSVC
00:00:00.002083 main     Process ID: 1253
00:00:00.002083 main     Package type: LINUX_64BITS_GENERIC (OSE)
00:00:00.004014 main     IPC socket path: /tmp/.vbox-nicholas-ipc/ipcd
00:00:00.112742 nspr-2   VirtualBox: object creation starts
00:00:00.113821 nspr-2   Home directory: '/home/nicholas/.config/VirtualBox'
00:00:00.114291 nspr-2   Loading settings file "/home/nicholas/.config/VirtualBox/VirtualBox.xml" with version "1.12-linux"
00:00:00.119062 nspr-2   NAT: resolv.conf: nameserver 127.0.0.53
00:00:00.119079 nspr-2   HostDnsMonitor: old information
00:00:00.119083 nspr-2     no server entries
00:00:00.119086 nspr-2     no domain set
00:00:00.119089 nspr-2     no search string entries
00:00:00.119091 nspr-2   HostDnsMonitor: new information
00:00:00.119094 nspr-2     server 1: 127.0.0.53
00:00:00.119097 nspr-2     domain: home
00:00:00.119099 nspr-2     search string 1: home
00:00:00.119102 nspr-2   HostDnsMonitorProxy::notify
00:00:00.120696 nspr-2   Failed to open "/dev/vboxdrvu", errno=13, rc=VERR_VM_DRIVER_NOT_ACCESSIBLE
00:00:00.144794 nspr-2   VD: VDInit finished with VINF_SUCCESS
00:00:00.145274 nspr-2   ERROR [COM]: aRC=NS_ERROR_FAILURE (0x80004005) aIID={0eb668d2-495e-5a36-8890-29999b5f030c} aComponent={SystemPropertiesWrap} aText={Cannot determine default Guest Additions ISO location. Most likely they are not available}, preserve=false aResultDetail=0
00:00:00.152093 nspr-2   Loading settings file "/mnt/virtual/virtualbox/04. Other/Kali-Linux-2018.1-vbox-amd64/Kali-Linux-2018.1-vbox-amd64.vbox" with version "1.16-linux"
00:00:00.152925 nspr-2   Loading settings file "/home/nicholas/VirtualBox VMs/04. Other/DC01/DC01.vbox" with version "1.15-linux"
00:00:00.159259 nspr-2   VirtualBox: object created
